<?xml version="1.0" encoding="UTF-8"?>
<!-- Generated by org.testng.reporters.JUnitReportReporter -->
<testsuite hostname="DESKTOP-Pavani" failures="0" tests="1" name="Sprint_2.LoginPage" time="14.207" errors="0" timestamp="2024-08-07T10:34:46 IST" skipped="0">
  <testcase classname="Sprint_2.LoginPage" name="login" time="14.207"/>
  <system-out/>
</testsuite> <!-- Sprint_2.LoginPage -->
