<?xml version="1.0" encoding="UTF-8"?>
<!-- Generated by org.testng.reporters.JUnitReportReporter -->
<testsuite hostname="Vicky" failures="0" tests="1" name="Sprint_6_Negative.Login" time="4.667" errors="0" timestamp="2024-06-10T10:25:20 IST" skipped="0">
  <testcase classname="Sprint_6_Negative.Login" name="login" time="4.667"/>
  <system-out/>
</testsuite> <!-- Sprint_6_Negative.Login -->
