<?xml version="1.0" encoding="UTF-8"?>
<!-- Generated by org.testng.reporters.JUnitReportReporter -->
<testsuite hostname="DESKTOP-Pavani" failures="0" tests="1" name="GoldBharat.Login" time="19.421" errors="0" timestamp="2024-07-30T11:43:55 IST" skipped="0">
  <testcase classname="GoldBharat.Login" name="login" time="19.421"/>
  <system-out/>
</testsuite> <!-- GoldBharat.Login -->
