<?xml version="1.0" encoding="UTF-8"?>
<!-- Generated by org.testng.reporters.JUnitReportReporter -->
<testsuite hostname="DESKTOP-Pavani" failures="0" tests="1" name="Sprint_2.OrderPick" time="39.440" errors="0" timestamp="2024-08-08T18:19:58 IST" skipped="0">
  <testcase classname="Sprint_2.OrderPick" name="login" time="39.440"/>
  <system-out/>
</testsuite> <!-- Sprint_2.OrderPick -->
