<?xml version="1.0" encoding="UTF-8"?>
<!-- Generated by org.testng.reporters.JUnitReportReporter -->
<testsuite hostname="DESKTOP-0D6P269" failures="0" tests="1" name="GoldBharat.LiveRates" time="71.043" errors="0" timestamp="2024-07-19T00:07:35 IST" skipped="0">
  <testcase classname="GoldBharat.LiveRates" name="LiveRatesmethod" time="71.043"/>
  <system-out/>
</testsuite> <!-- GoldBharat.LiveRates -->
