<?xml version="1.0" encoding="UTF-8"?>
<!-- Generated by org.testng.reporters.JUnitReportReporter -->
<testsuite hostname="DESKTOP-Pavani" failures="0" tests="2" name="GoldBharat.UserDashboardTabs" time="321.285" errors="0" timestamp="2024-07-31T17:23:51 IST" skipped="0">
  <testcase classname="GoldBharat.UserDashboardTabs" name="UserDashboardTab" time="303.694"/>
  <system-out/>
  <testcase classname="GoldBharat.UserDashboardTabs" name="login" time="17.591"/>
  <system-out/>
</testsuite> <!-- GoldBharat.UserDashboardTabs -->
