<?xml version="1.0" encoding="UTF-8"?>
<!-- Generated by org.testng.reporters.JUnitReportReporter -->
<testsuite hostname="Vicky" failures="0" tests="1" name="Sprint_6_Negative.d_NotificationAllActions" time="106.668" errors="0" timestamp="2024-06-10T16:27:28 IST" skipped="0">
  <testcase classname="Sprint_6_Negative.d_NotificationAllActions" name="notificationsAllActionsTest" time="106.668"/>
  <system-out/>
</testsuite> <!-- Sprint_6_Negative.d_NotificationAllActions -->
