<?xml version="1.0" encoding="UTF-8"?>
<!-- Generated by org.testng.reporters.JUnitReportReporter -->
<testsuite hostname="DESKTOP-Pavani" failures="0" tests="1" name="Sprint_2.User_KYC_Pvt_Ltd" time="76.007" errors="0" timestamp="2024-08-17T14:31:48 IST" skipped="0">
  <testcase classname="Sprint_2.User_KYC_Pvt_Ltd" name="login" time="76.007"/>
  <system-out/>
</testsuite> <!-- Sprint_2.User_KYC_Pvt_Ltd -->
