<?xml version="1.0" encoding="UTF-8"?>
<!-- Generated by org.testng.reporters.JUnitReportReporter -->
<testsuite hostname="Vicky" failures="0" tests="1" name="Sprint_6_Negative.a_DashboardAllActionsDone" time="45.962" errors="0" timestamp="2024-06-06T16:13:20 IST" skipped="0">
  <testcase classname="Sprint_6_Negative.a_DashboardAllActionsDone" name="dashboardTransactionReportsTest" time="45.962"/>
  <system-out/>
</testsuite> <!-- Sprint_6_Negative.a_DashboardAllActionsDone -->
