<?xml version="1.0" encoding="UTF-8"?>
<!-- Generated by org.testng.reporters.JUnitReportReporter -->
<testsuite hostname="DESKTOP-Pavani" failures="0" tests="1" name="Sprint_2.Admin_SelfOther" time="39.743" errors="0" timestamp="2024-08-13T18:01:31 IST" skipped="0">
  <testcase classname="Sprint_2.Admin_SelfOther" name="login" time="39.743"/>
  <system-out/>
</testsuite> <!-- Sprint_2.Admin_SelfOther -->
