<?xml version="1.0" encoding="UTF-8"?>
<!-- Generated by org.testng.reporters.JUnitReportReporter -->
<testsuite hostname="DESKTOP-Pavani" failures="0" tests="1" name="Sprint_2.User_LoginPage" time="14.604" errors="0" timestamp="2024-09-05T11:09:15 IST" skipped="0">
  <testcase classname="Sprint_2.User_LoginPage" name="login" time="14.604"/>
  <system-out/>
</testsuite> <!-- Sprint_2.User_LoginPage -->
