<?xml version="1.0" encoding="UTF-8"?>
<!-- Generated by org.testng.reporters.JUnitReportReporter -->
<testsuite hostname="DESKTOP-Pavani" failures="0" tests="1" name="GoldBharat.RegistrationPage" time="45.403" errors="0" timestamp="2024-08-03T11:14:38 IST" skipped="0">
  <testcase classname="GoldBharat.RegistrationPage" name="Registration" time="45.403"/>
  <system-out/>
</testsuite> <!-- GoldBharat.RegistrationPage -->
