<?xml version="1.0" encoding="UTF-8"?>
<!-- Generated by org.testng.reporters.JUnitReportReporter -->
<testsuite hostname="DESKTOP-0D6P269" failures="0" tests="1" name="GoldBharat.Login" time="14.029" errors="0" timestamp="2024-07-19T00:48:16 IST" skipped="0">
  <testcase classname="GoldBharat.Login" name="login" time="14.029"/>
  <system-out/>
</testsuite> <!-- GoldBharat.Login -->
