<?xml version="1.0" encoding="UTF-8"?>
<!-- Generated by org.testng.reporters.JUnitReportReporter -->
<testsuite hostname="DESKTOP-0D6P269" failures="0" tests="1" name="GoldBharat.RegistrationPage" time="26.133" errors="0" timestamp="2024-07-19T00:34:26 IST" skipped="0">
  <testcase classname="GoldBharat.RegistrationPage" name="Registration" time="26.133"/>
  <system-out/>
</testsuite> <!-- GoldBharat.RegistrationPage -->
