<?xml version="1.0" encoding="UTF-8"?>
<!-- Generated by org.testng.reporters.JUnitReportReporter -->
<testsuite hostname="Vicky" failures="0" tests="1" name="Sprint_6_Negative.d_NotificationAllActionsDone" time="95.610" errors="0" timestamp="2024-06-07T11:46:55 IST" skipped="0">
  <testcase classname="Sprint_6_Negative.d_NotificationAllActionsDone" name="notificationsAllActionsTest" time="95.610"/>
  <system-out/>
</testsuite> <!-- Sprint_6_Negative.d_NotificationAllActionsDone -->
