<?xml version="1.0" encoding="UTF-8"?>
<!-- Generated by org.testng.reporters.JUnitReportReporter -->
<testsuite hostname="DESKTOP-JK2C9LH" failures="0" tests="1" name="GoldBharat.Login_Dashboard" time="24.295" errors="0" timestamp="2024-07-10T16:21:25 EDT" skipped="0">
  <testcase classname="GoldBharat.Login_Dashboard" name="login" time="24.295"/>
  <system-out/>
</testsuite> <!-- GoldBharat.Login_Dashboard -->
