<?xml version="1.0" encoding="UTF-8"?>
<!-- Generated by org.testng.reporters.JUnitReportReporter -->
<testsuite hostname="DESKTOP-Pavani" failures="0" tests="1" name="Sprint_1.Login" time="17.835" errors="0" timestamp="2024-08-09T12:41:55 IST" skipped="0">
  <testcase classname="Sprint_1.Login" name="login" time="17.835"/>
  <system-out/>
</testsuite> <!-- Sprint_1.Login -->
