<?xml version="1.0" encoding="UTF-8"?>
<!-- Generated by org.testng.reporters.JUnitReportReporter -->
<testsuite hostname="DESKTOP-JK2C9LH" failures="0" tests="1" name="GoldBharat.LoginPage_Dashboard" time="7.828" errors="0" timestamp="2024-07-09T14:46:22 EDT" skipped="0">
  <testcase classname="GoldBharat.LoginPage_Dashboard" name="login" time="7.828"/>
  <system-out/>
</testsuite> <!-- GoldBharat.LoginPage_Dashboard -->
