<?xml version="1.0" encoding="UTF-8"?>
<!-- Generated by org.testng.reporters.JUnitReportReporter -->
<testsuite hostname="DESKTOP-Pavani" failures="0" tests="2" name="GoldBharat.profileAndKYC" time="47.679" errors="0" timestamp="2024-08-03T10:54:08 IST" skipped="0">
  <testcase classname="GoldBharat.profileAndKYC" name="login" time="17.774"/>
  <system-out/>
  <testcase classname="GoldBharat.profileAndKYC" name="profile" time="29.905"/>
  <system-out/>
</testsuite> <!-- GoldBharat.profileAndKYC -->
