<?xml version="1.0" encoding="UTF-8"?>
<!-- Generated by org.testng.reporters.JUnitReportReporter -->
<testsuite hostname="Vicky" failures="0" tests="1" name="Sprint_6_Negative.f_TradingAllActionsDone" time="49.479" errors="0" timestamp="2024-06-07T12:41:07 IST" skipped="0">
  <testcase classname="Sprint_6_Negative.f_TradingAllActionsDone" name="TradingAllActionsTest" time="49.479"/>
  <system-out/>
</testsuite> <!-- Sprint_6_Negative.f_TradingAllActionsDone -->
