<?xml version="1.0" encoding="UTF-8"?>
<!-- Generated by org.testng.reporters.JUnitReportReporter -->
<testsuite hostname="DESKTOP-Pavani" failures="0" tests="1" name="Sprint_2.User_OrderDelivered" time="28.204" errors="0" timestamp="2024-08-26T12:44:35 IST" skipped="0">
  <testcase classname="Sprint_2.User_OrderDelivered" name="login" time="28.204"/>
  <system-out/>
</testsuite> <!-- Sprint_2.User_OrderDelivered -->
