<?xml version="1.0" encoding="UTF-8"?>
<!-- Generated by org.testng.reporters.JUnitReportReporter -->
<testsuite hostname="DESKTOP-0D6P269" failures="0" tests="1" name="GoldBharat.UserDashboardTabs" time="91.806" errors="0" timestamp="2024-07-19T00:07:35 IST" skipped="0">
  <testcase classname="GoldBharat.UserDashboardTabs" name="UserDashboardTab" time="91.806"/>
  <system-out/>
</testsuite> <!-- GoldBharat.UserDashboardTabs -->
