<?xml version="1.0" encoding="UTF-8"?>
<!-- Generated by org.testng.reporters.JUnitReportReporter -->
<testsuite hostname="DESKTOP-Pavani" failures="0" tests="1" name="Sprint_3.Negative_Userlogin" time="13.240" errors="0" timestamp="2024-09-20T15:00:58 IST" skipped="0">
  <testcase classname="Sprint_3.Negative_Userlogin" name="login" time="13.240"/>
  <system-out/>
</testsuite> <!-- Sprint_3.Negative_Userlogin -->
