<?xml version="1.0" encoding="UTF-8"?>
<!-- Generated by org.testng.reporters.JUnitReportReporter -->
<testsuite hostname="DESKTOP-Pavani" failures="0" tests="1" name="Sprint_2.User_RegisterLogin" time="48.555" errors="0" timestamp="2024-08-14T17:55:54 IST" skipped="0">
  <testcase classname="Sprint_2.User_RegisterLogin" name="Registration" time="48.555"/>
  <system-out/>
</testsuite> <!-- Sprint_2.User_RegisterLogin -->
