<?xml version="1.0" encoding="UTF-8"?>
<!-- Generated by org.testng.reporters.JUnitReportReporter -->
<testsuite hostname="DESKTOP-Pavani" failures="0" tests="1" name="Sprint_2.User_LoginPage" time="15.523" errors="0" timestamp="2024-08-17T14:56:52 IST" skipped="0">
  <testcase classname="Sprint_2.User_LoginPage" name="login" time="15.523"/>
  <system-out/>
</testsuite> <!-- Sprint_2.User_LoginPage -->
