<?xml version="1.0" encoding="UTF-8"?>
<!-- Generated by org.testng.reporters.JUnitReportReporter -->
<testsuite hostname="DESKTOP-Pavani" failures="0" tests="1" name="Sprint_1.AdminLogin" time="66.504" errors="0" timestamp="2024-08-31T14:14:16 IST" skipped="0">
  <testcase classname="Sprint_1.AdminLogin" name="login" time="66.504"/>
  <system-out/>
</testsuite> <!-- Sprint_1.AdminLogin -->
